<?xml version='1.0' encoding='UTF-8' ?>
<testsuite name="com.example.lunchtray.OrderFunctionalityTests" tests="10" failures="0" errors="0" skipped="0" time="39.214" timestamp="2022-10-30T06:21:30" hostname="localhost">
  <properties>
    <property name="device" value="LM-G910 - 12" />
    <property name="flavor" value="" />
    <property name="project" value=":app" />
  </properties>
  <testcase name="radio_buttons_update_side_menu_subtotal" classname="com.example.lunchtray.OrderFunctionalityTests" time="2.738" />
  <testcase name="order_reset_after_cancel_from_accompaniment_menu" classname="com.example.lunchtray.OrderFunctionalityTests" time="4.696" />
  <testcase name="subtotal_updates_in_full_order_flow" classname="com.example.lunchtray.OrderFunctionalityTests" time="4.058" />
  <testcase name="order_snackbar" classname="com.example.lunchtray.OrderFunctionalityTests" time="4.557" />
  <testcase name="order_reset_after_cancel_from_entree_menu" classname="com.example.lunchtray.OrderFunctionalityTests" time="2.391" />
  <testcase name="subtotal_tax_total_in_checkout" classname="com.example.lunchtray.OrderFunctionalityTests" time="4.07" />
  <testcase name="radio_buttons_update_accompaniment_menu_subtotal" classname="com.example.lunchtray.OrderFunctionalityTests" time="2.126" />
  <testcase name="order_reset_after_cancel_from_side_menu" classname="com.example.lunchtray.OrderFunctionalityTests" time="3.525" />
  <testcase name="radio_buttons_update_entree_menu_subtotal" classname="com.example.lunchtray.OrderFunctionalityTests" time="2.686" />
  <testcase name="order_reset_after_cancel_from_checkout" classname="com.example.lunchtray.OrderFunctionalityTests" time="5.153" />
</testsuite>